[0.360s] Invoking command in '/home/brunoconti/Documents/GitHub/Ponderada_turtlebot_teleoperado/turtlebot3_ws/build/my_robot_controller': PYTHONPATH=/home/brunoconti/Documents/GitHub/Ponderada_turtlebot_teleoperado/turtlebot3_ws/build/my_robot_controller/prefix_override:/home/brunoconti/Documents/GitHub/Ponderada_turtlebot_teleoperado/turtlebot3_ws/install/my_robot_controller/lib/python3.10/site-packages:${PYTHONPATH} /usr/bin/python3 -W ignore:setup.py install is deprecated setup.py develop --uninstall --editable --build-directory /home/brunoconti/Documents/GitHub/Ponderada_turtlebot_teleoperado/turtlebot3_ws/build/my_robot_controller/build
[0.508s] running develop
[0.508s] /usr/lib/python3/dist-packages/setuptools/command/easy_install.py:158: EasyInstallDeprecationWarning: easy_install command is deprecated. Use build and pip and other standards-based tools.
[0.508s]   warnings.warn(
[0.602s] Removing /home/brunoconti/Documents/GitHub/Ponderada_turtlebot_teleoperado/turtlebot3_ws/install/my_robot_controller/lib/python3.10/site-packages/my-robot-controller.egg-link (link to .)
[0.619s] Invoked command in '/home/brunoconti/Documents/GitHub/Ponderada_turtlebot_teleoperado/turtlebot3_ws/build/my_robot_controller' returned '0': PYTHONPATH=/home/brunoconti/Documents/GitHub/Ponderada_turtlebot_teleoperado/turtlebot3_ws/build/my_robot_controller/prefix_override:/home/brunoconti/Documents/GitHub/Ponderada_turtlebot_teleoperado/turtlebot3_ws/install/my_robot_controller/lib/python3.10/site-packages:${PYTHONPATH} /usr/bin/python3 -W ignore:setup.py install is deprecated setup.py develop --uninstall --editable --build-directory /home/brunoconti/Documents/GitHub/Ponderada_turtlebot_teleoperado/turtlebot3_ws/build/my_robot_controller/build
[0.620s] Invoking command in '/home/brunoconti/Documents/GitHub/Ponderada_turtlebot_teleoperado/turtlebot3_ws/src/my_robot_controller': PYTHONPATH=/home/brunoconti/Documents/GitHub/Ponderada_turtlebot_teleoperado/turtlebot3_ws/build/my_robot_controller/prefix_override:/home/brunoconti/Documents/GitHub/Ponderada_turtlebot_teleoperado/turtlebot3_ws/install/my_robot_controller/lib/python3.10/site-packages:${PYTHONPATH} /usr/bin/python3 -W ignore:setup.py install is deprecated setup.py egg_info --egg-base ../../build/my_robot_controller build --build-base /home/brunoconti/Documents/GitHub/Ponderada_turtlebot_teleoperado/turtlebot3_ws/build/my_robot_controller/build install --record /home/brunoconti/Documents/GitHub/Ponderada_turtlebot_teleoperado/turtlebot3_ws/build/my_robot_controller/install.log --single-version-externally-managed install_data --force
[0.757s] running egg_info
[0.758s] writing ../../build/my_robot_controller/my_robot_controller.egg-info/PKG-INFO
[0.758s] writing dependency_links to ../../build/my_robot_controller/my_robot_controller.egg-info/dependency_links.txt
[0.758s] writing entry points to ../../build/my_robot_controller/my_robot_controller.egg-info/entry_points.txt
[0.758s] writing requirements to ../../build/my_robot_controller/my_robot_controller.egg-info/requires.txt
[0.758s] writing top-level names to ../../build/my_robot_controller/my_robot_controller.egg-info/top_level.txt
[0.759s] reading manifest file '../../build/my_robot_controller/my_robot_controller.egg-info/SOURCES.txt'
[0.760s] writing manifest file '../../build/my_robot_controller/my_robot_controller.egg-info/SOURCES.txt'
[0.760s] running build
[0.760s] running build_py
[0.760s] copying my_robot_controller/__init__.py -> /home/brunoconti/Documents/GitHub/Ponderada_turtlebot_teleoperado/turtlebot3_ws/build/my_robot_controller/build/lib/my_robot_controller
[0.760s] copying my_robot_controller/robot_controller.py -> /home/brunoconti/Documents/GitHub/Ponderada_turtlebot_teleoperado/turtlebot3_ws/build/my_robot_controller/build/lib/my_robot_controller
[0.760s] copying my_robot_controller/teleop_interface.py -> /home/brunoconti/Documents/GitHub/Ponderada_turtlebot_teleoperado/turtlebot3_ws/build/my_robot_controller/build/lib/my_robot_controller
[0.760s] running install
[0.760s] running install_lib
[0.761s] creating /home/brunoconti/Documents/GitHub/Ponderada_turtlebot_teleoperado/turtlebot3_ws/install/my_robot_controller/lib/python3.10/site-packages/my_robot_controller
[0.761s] copying /home/brunoconti/Documents/GitHub/Ponderada_turtlebot_teleoperado/turtlebot3_ws/build/my_robot_controller/build/lib/my_robot_controller/__init__.py -> /home/brunoconti/Documents/GitHub/Ponderada_turtlebot_teleoperado/turtlebot3_ws/install/my_robot_controller/lib/python3.10/site-packages/my_robot_controller
[0.761s] copying /home/brunoconti/Documents/GitHub/Ponderada_turtlebot_teleoperado/turtlebot3_ws/build/my_robot_controller/build/lib/my_robot_controller/robot_controller.py -> /home/brunoconti/Documents/GitHub/Ponderada_turtlebot_teleoperado/turtlebot3_ws/install/my_robot_controller/lib/python3.10/site-packages/my_robot_controller
[0.761s] copying /home/brunoconti/Documents/GitHub/Ponderada_turtlebot_teleoperado/turtlebot3_ws/build/my_robot_controller/build/lib/my_robot_controller/teleop_interface.py -> /home/brunoconti/Documents/GitHub/Ponderada_turtlebot_teleoperado/turtlebot3_ws/install/my_robot_controller/lib/python3.10/site-packages/my_robot_controller
[0.761s] byte-compiling /home/brunoconti/Documents/GitHub/Ponderada_turtlebot_teleoperado/turtlebot3_ws/install/my_robot_controller/lib/python3.10/site-packages/my_robot_controller/__init__.py to __init__.cpython-310.pyc
[0.761s] byte-compiling /home/brunoconti/Documents/GitHub/Ponderada_turtlebot_teleoperado/turtlebot3_ws/install/my_robot_controller/lib/python3.10/site-packages/my_robot_controller/robot_controller.py to robot_controller.cpython-310.pyc
[0.761s] byte-compiling /home/brunoconti/Documents/GitHub/Ponderada_turtlebot_teleoperado/turtlebot3_ws/install/my_robot_controller/lib/python3.10/site-packages/my_robot_controller/teleop_interface.py to teleop_interface.cpython-310.pyc
[0.761s] running install_data
[0.762s] copying resource/my_robot_controller -> /home/brunoconti/Documents/GitHub/Ponderada_turtlebot_teleoperado/turtlebot3_ws/install/my_robot_controller/share/ament_index/resource_index/packages
[0.762s] copying package.xml -> /home/brunoconti/Documents/GitHub/Ponderada_turtlebot_teleoperado/turtlebot3_ws/install/my_robot_controller/share/my_robot_controller
[0.762s] running install_egg_info
[0.763s] Copying ../../build/my_robot_controller/my_robot_controller.egg-info to /home/brunoconti/Documents/GitHub/Ponderada_turtlebot_teleoperado/turtlebot3_ws/install/my_robot_controller/lib/python3.10/site-packages/my_robot_controller-0.0.0-py3.10.egg-info
[0.763s] running install_scripts
[0.775s] writing list of installed files to '/home/brunoconti/Documents/GitHub/Ponderada_turtlebot_teleoperado/turtlebot3_ws/build/my_robot_controller/install.log'
[0.789s] Invoked command in '/home/brunoconti/Documents/GitHub/Ponderada_turtlebot_teleoperado/turtlebot3_ws/src/my_robot_controller' returned '0': PYTHONPATH=/home/brunoconti/Documents/GitHub/Ponderada_turtlebot_teleoperado/turtlebot3_ws/build/my_robot_controller/prefix_override:/home/brunoconti/Documents/GitHub/Ponderada_turtlebot_teleoperado/turtlebot3_ws/install/my_robot_controller/lib/python3.10/site-packages:${PYTHONPATH} /usr/bin/python3 -W ignore:setup.py install is deprecated setup.py egg_info --egg-base ../../build/my_robot_controller build --build-base /home/brunoconti/Documents/GitHub/Ponderada_turtlebot_teleoperado/turtlebot3_ws/build/my_robot_controller/build install --record /home/brunoconti/Documents/GitHub/Ponderada_turtlebot_teleoperado/turtlebot3_ws/build/my_robot_controller/install.log --single-version-externally-managed install_data --force
