[0.367s] Invoking command in '/home/brunoconti/Documents/GitHub/Ponderada_turtlebot_teleoperado/turtlebot3_ws/build/my_robot_controller': PYTHONPATH=/home/brunoconti/Documents/GitHub/Ponderada_turtlebot_teleoperado/turtlebot3_ws/build/my_robot_controller/prefix_override:/home/brunoconti/Documents/GitHub/Ponderada_turtlebot_teleoperado/turtlebot3_ws/install/my_robot_controller/lib/python3.10/site-packages:${PYTHONPATH} /usr/bin/python3 -W ignore:setup.py install is deprecated setup.py develop --editable --build-directory /home/brunoconti/Documents/GitHub/Ponderada_turtlebot_teleoperado/turtlebot3_ws/build/my_robot_controller/build --no-deps symlink_data
[0.524s] running develop
[0.525s] /usr/lib/python3/dist-packages/setuptools/command/easy_install.py:158: EasyInstallDeprecationWarning: easy_install command is deprecated. Use build and pip and other standards-based tools.
[0.525s]   warnings.warn(
[0.621s] running egg_info
[0.621s] writing my_robot_controller.egg-info/PKG-INFO
[0.621s] writing dependency_links to my_robot_controller.egg-info/dependency_links.txt
[0.621s] writing entry points to my_robot_controller.egg-info/entry_points.txt
[0.621s] writing requirements to my_robot_controller.egg-info/requires.txt
[0.621s] writing top-level names to my_robot_controller.egg-info/top_level.txt
[0.621s] reading manifest file 'my_robot_controller.egg-info/SOURCES.txt'
[0.622s] writing manifest file 'my_robot_controller.egg-info/SOURCES.txt'
[0.623s] running build_ext
[0.623s] Creating /home/brunoconti/Documents/GitHub/Ponderada_turtlebot_teleoperado/turtlebot3_ws/install/my_robot_controller/lib/python3.10/site-packages/my-robot-controller.egg-link (link to .)
[0.624s] Installing robot_controller script to /home/brunoconti/Documents/GitHub/Ponderada_turtlebot_teleoperado/turtlebot3_ws/install/my_robot_controller/lib/my_robot_controller
[0.624s] Installing teleop_interface script to /home/brunoconti/Documents/GitHub/Ponderada_turtlebot_teleoperado/turtlebot3_ws/install/my_robot_controller/lib/my_robot_controller
[0.624s] 
[0.624s] Installed /home/brunoconti/Documents/GitHub/Ponderada_turtlebot_teleoperado/turtlebot3_ws/build/my_robot_controller
[0.624s] running symlink_data
[0.642s] Invoked command in '/home/brunoconti/Documents/GitHub/Ponderada_turtlebot_teleoperado/turtlebot3_ws/build/my_robot_controller' returned '0': PYTHONPATH=/home/brunoconti/Documents/GitHub/Ponderada_turtlebot_teleoperado/turtlebot3_ws/build/my_robot_controller/prefix_override:/home/brunoconti/Documents/GitHub/Ponderada_turtlebot_teleoperado/turtlebot3_ws/install/my_robot_controller/lib/python3.10/site-packages:${PYTHONPATH} /usr/bin/python3 -W ignore:setup.py install is deprecated setup.py develop --editable --build-directory /home/brunoconti/Documents/GitHub/Ponderada_turtlebot_teleoperado/turtlebot3_ws/build/my_robot_controller/build --no-deps symlink_data
